11-Apr-2019-16:38:52 [TBSUI.BaseClasses.BaseClass] [INFO] [GetChromeHeadlessOption] -  Using Chrome Options 
11-Apr-2019-16:38:55 [TBSUI.BaseClasses.BaseClass] [INFO] [InitWebdriver] - Using Chrome Headless Driver
11-Apr-2019-16:39:00 [TBSUI.ComponentHelper.NavigationHelper] [INFO] [NavigateToUrl] -  Navigate To Page https://tbs-bb-dev.azurewebsites.net/
11-Apr-2019-16:39:00 [TBSUI.ComponentHelper.GenericHelper] [INFO] [IsElemetPresent] -  Checking for the element By.LinkText: Deposit
11-Apr-2019-16:39:03 [TBSUI.ComponentHelper.GenericHelper] [INFO] [WaitForWebElementInPage] -  Setting the Explicit wait to 1 sec 
11-Apr-2019-16:39:03 [TBSUI.ComponentHelper.GenericHelper] [INFO] [GetWebdriverWait] -  Wait Object Created 
11-Apr-2019-16:39:09 [TBSUI.ComponentHelper.GenericHelper] [INFO] [WaitForWebElementInPage] -  Setting the Explicit wait Configured value 
11-Apr-2019-16:39:09 [TBSUI.ComponentHelper.GenericHelper] [INFO] [WaitForWebElementInPage] -  Setting the Explicit wait to 1 sec 
11-Apr-2019-16:39:09 [TBSUI.ComponentHelper.GenericHelper] [INFO] [GetWebdriverWait] -  Wait Object Created 
11-Apr-2019-16:39:09 [TBSUI.ComponentHelper.GenericHelper] [INFO] [WaitForWebElementInPage] -  Setting the Explicit wait Configured value 
11-Apr-2019-16:39:09 [TBSUI.ComponentHelper.GenericHelper] [INFO] [IsElemetPresent] -  Checking for the element By.LinkText: Deposit
11-Apr-2019-16:39:10 [TBSUI.ComponentHelper.GenericHelper] [INFO] [IsElemetPresent] -  Checking for the element By.XPath: //a[@ng-click='closeTour()']
11-Apr-2019-16:39:10 [TBSUI.ComponentHelper.GenericHelper] [INFO] [IsElemetPresent] -  Checking for the element By.XPath: //a[@ng-click='closeTour()']
11-Apr-2019-16:39:10 [TBSUI.ComponentHelper.ButtonHelper] [INFO] [ClickButton] -  Button Click @ By.XPath: //a[@ng-click='closeTour()']
11-Apr-2019-16:39:15 [TBSUI.ComponentHelper.GenericHelper] [INFO] [IsElemetPresent] -  Checking for the element By.LinkText: Login
11-Apr-2019-16:39:16 [TBSUI.BaseClasses.BaseClass] [INFO] [TearDown] -  Stopping the Driver and Service  
11-Apr-2019-17:16:44 [TBSUI.BaseClasses.BaseClass] [INFO] [GetChromeOptions] -  Using Chrome Options 
11-Apr-2019-17:16:47 [TBSUI.BaseClasses.BaseClass] [INFO] [InitWebdriver] -  Using Chrome Driver  
11-Apr-2019-17:16:49 [TBSUI.ComponentHelper.NavigationHelper] [INFO] [NavigateToUrl] -  Navigate To Page http://secure.smartbearsoftware.com/samples/TestComplete11/WebOrders
11-Apr-2019-17:17:08 [TBSUI.ComponentHelper.GenericHelper] [INFO] [WaitForWebElementInPage] -  Setting the Explicit wait to 1 sec 
11-Apr-2019-17:17:08 [TBSUI.ComponentHelper.GenericHelper] [INFO] [GetWebdriverWait] -  Wait Object Created 
11-Apr-2019-17:17:08 [TBSUI.ComponentHelper.GenericHelper] [INFO] [WaitForWebElementInPage] -  Setting the Explicit wait Configured value 
11-Apr-2019-17:17:28 [TBSUI.ComponentHelper.GenericHelper] [INFO] [WaitForWebElementInPage] -  Setting the Explicit wait to 1 sec 
11-Apr-2019-17:17:28 [TBSUI.ComponentHelper.GenericHelper] [INFO] [GetWebdriverWait] -  Wait Object Created 
11-Apr-2019-17:17:28 [TBSUI.ComponentHelper.GenericHelper] [INFO] [WaitForWebElementInPage] -  Setting the Explicit wait Configured value 
11-Apr-2019-17:17:36 [TBSUI.ComponentHelper.GenericHelper] [INFO] [WaitForWebElementInPage] -  Setting the Explicit wait to 1 sec 
11-Apr-2019-17:17:36 [TBSUI.ComponentHelper.GenericHelper] [INFO] [GetWebdriverWait] -  Wait Object Created 
11-Apr-2019-17:17:36 [TBSUI.ComponentHelper.GenericHelper] [INFO] [WaitForWebElementInPage] -  Setting the Explicit wait Configured value 
11-Apr-2019-17:17:46 [TBSUI.ComponentHelper.GenericHelper] [INFO] [IsElemetPresent] -  Checking for the element By.Id: ctl00_logout
11-Apr-2019-17:17:50 [TBSUI.BaseClasses.BaseClass] [INFO] [TearDown] -  Stopping the Driver and Service  
11-Apr-2019-17:23:37 [TBSUI.BaseClasses.BaseClass] [INFO] [GetChromeOptions] -  Using Chrome Options 
11-Apr-2019-17:23:40 [TBSUI.BaseClasses.BaseClass] [INFO] [InitWebdriver] -  Using Chrome Driver  
11-Apr-2019-17:23:43 [TBSUI.ComponentHelper.NavigationHelper] [INFO] [NavigateToUrl] -  Navigate To Page http://secure.smartbearsoftware.com/samples/TestComplete11/WebOrders
11-Apr-2019-17:23:43 [TBSUI.ComponentHelper.GenericHelper] [INFO] [WaitForWebElementInPage] -  Setting the Explicit wait to 1 sec 
11-Apr-2019-17:23:43 [TBSUI.ComponentHelper.GenericHelper] [INFO] [GetWebdriverWait] -  Wait Object Created 
11-Apr-2019-17:23:43 [TBSUI.ComponentHelper.GenericHelper] [INFO] [WaitForWebElementInPage] -  Setting the Explicit wait Configured value 
11-Apr-2019-17:23:43 [TBSUI.ComponentHelper.GenericHelper] [INFO] [WaitForWebElementInPage] -  Setting the Explicit wait to 1 sec 
11-Apr-2019-17:23:43 [TBSUI.ComponentHelper.GenericHelper] [INFO] [GetWebdriverWait] -  Wait Object Created 
11-Apr-2019-17:23:43 [TBSUI.ComponentHelper.GenericHelper] [INFO] [WaitForWebElementInPage] -  Setting the Explicit wait Configured value 
11-Apr-2019-17:23:44 [TBSUI.ComponentHelper.GenericHelper] [INFO] [WaitForWebElementInPage] -  Setting the Explicit wait to 1 sec 
11-Apr-2019-17:23:44 [TBSUI.ComponentHelper.GenericHelper] [INFO] [GetWebdriverWait] -  Wait Object Created 
11-Apr-2019-17:23:44 [TBSUI.ComponentHelper.GenericHelper] [INFO] [WaitForWebElementInPage] -  Setting the Explicit wait Configured value 
11-Apr-2019-17:23:44 [TBSUI.ComponentHelper.GenericHelper] [INFO] [IsElemetPresent] -  Checking for the element By.Id: ctl00_logout
11-Apr-2019-17:23:45 [TBSUI.ComponentHelper.GenericHelper] [INFO] [WaitForWebElementInPage] -  Setting the Explicit wait to 1 sec 
11-Apr-2019-17:23:45 [TBSUI.ComponentHelper.GenericHelper] [INFO] [GetWebdriverWait] -  Wait Object Created 
11-Apr-2019-17:23:45 [TBSUI.ComponentHelper.GenericHelper] [INFO] [WaitForWebElementInPage] -  Setting the Explicit wait Configured value 
11-Apr-2019-17:23:45 [TBSUI.ComponentHelper.GenericHelper] [INFO] [IsElemetPresent] -  Checking for the element By.Id: ctl00_MainContent_login_button
11-Apr-2019-17:23:45 [TBSUI.BaseClasses.BaseClass] [INFO] [TearDown] -  Stopping the Driver and Service  
11-Apr-2019-21:29:09 [TBSUI.BaseClasses.BaseClass] [INFO] [GetChromeOptions] -  Using Chrome Options 
11-Apr-2019-21:29:12 [TBSUI.BaseClasses.BaseClass] [INFO] [InitWebdriver] -  Using Chrome Driver  
11-Apr-2019-21:29:14 [TBSUI.ComponentHelper.NavigationHelper] [INFO] [NavigateToUrl] -  Navigate To Page http://secure.smartbearsoftware.com/samples/TestComplete11/WebOrders
11-Apr-2019-21:29:14 [TBSUI.ComponentHelper.GenericHelper] [INFO] [WaitForWebElementInPage] -  Setting the Explicit wait to 1 sec 
11-Apr-2019-21:29:14 [TBSUI.ComponentHelper.GenericHelper] [INFO] [GetWebdriverWait] -  Wait Object Created 
11-Apr-2019-21:29:14 [TBSUI.ComponentHelper.GenericHelper] [INFO] [WaitForWebElementInPage] -  Setting the Explicit wait Configured value 
11-Apr-2019-21:29:16 [TBSUI.ComponentHelper.GenericHelper] [INFO] [WaitForWebElementInPage] -  Setting the Explicit wait to 1 sec 
11-Apr-2019-21:29:16 [TBSUI.ComponentHelper.GenericHelper] [INFO] [GetWebdriverWait] -  Wait Object Created 
11-Apr-2019-21:29:16 [TBSUI.ComponentHelper.GenericHelper] [INFO] [WaitForWebElementInPage] -  Setting the Explicit wait Configured value 
11-Apr-2019-21:29:21 [TBSUI.ComponentHelper.GenericHelper] [INFO] [WaitForWebElementInPage] -  Setting the Explicit wait to 1 sec 
11-Apr-2019-21:29:21 [TBSUI.ComponentHelper.GenericHelper] [INFO] [GetWebdriverWait] -  Wait Object Created 
11-Apr-2019-21:29:21 [TBSUI.ComponentHelper.GenericHelper] [INFO] [WaitForWebElementInPage] -  Setting the Explicit wait Configured value 
11-Apr-2019-21:30:05 [TBSUI.ComponentHelper.GenericHelper] [INFO] [TakeScreenShot] -  ScreenShot Taken : Place an order.jpeg
11-Apr-2019-21:30:05 [TBSUI.BaseClasses.BaseClass] [INFO] [TearDown] -  Stopping the Driver and Service  
11-Apr-2019-21:33:39 [TBSUI.BaseClasses.BaseClass] [INFO] [GetChromeOptions] -  Using Chrome Options 
11-Apr-2019-21:33:42 [TBSUI.BaseClasses.BaseClass] [INFO] [InitWebdriver] -  Using Chrome Driver  
11-Apr-2019-21:33:45 [TBSUI.ComponentHelper.NavigationHelper] [INFO] [NavigateToUrl] -  Navigate To Page http://secure.smartbearsoftware.com/samples/TestComplete11/WebOrders
11-Apr-2019-21:33:45 [TBSUI.ComponentHelper.GenericHelper] [INFO] [WaitForWebElementInPage] -  Setting the Explicit wait to 1 sec 
11-Apr-2019-21:33:45 [TBSUI.ComponentHelper.GenericHelper] [INFO] [GetWebdriverWait] -  Wait Object Created 
11-Apr-2019-21:33:45 [TBSUI.ComponentHelper.GenericHelper] [INFO] [WaitForWebElementInPage] -  Setting the Explicit wait Configured value 
11-Apr-2019-21:33:46 [TBSUI.ComponentHelper.GenericHelper] [INFO] [WaitForWebElementInPage] -  Setting the Explicit wait to 1 sec 
11-Apr-2019-21:33:46 [TBSUI.ComponentHelper.GenericHelper] [INFO] [GetWebdriverWait] -  Wait Object Created 
11-Apr-2019-21:33:46 [TBSUI.ComponentHelper.GenericHelper] [INFO] [WaitForWebElementInPage] -  Setting the Explicit wait Configured value 
11-Apr-2019-21:33:51 [TBSUI.ComponentHelper.GenericHelper] [INFO] [WaitForWebElementInPage] -  Setting the Explicit wait to 1 sec 
11-Apr-2019-21:33:51 [TBSUI.ComponentHelper.GenericHelper] [INFO] [GetWebdriverWait] -  Wait Object Created 
11-Apr-2019-21:33:52 [TBSUI.ComponentHelper.GenericHelper] [INFO] [WaitForWebElementInPage] -  Setting the Explicit wait Configured value 
11-Apr-2019-21:34:37 [TBSUI.ComponentHelper.GenericHelper] [INFO] [IsElemetPresent] -  Checking for the element By.Id: ctl00_MainContent_fmwOrder_cardList_0
11-Apr-2019-21:35:45 [TBSUI.ComponentHelper.GenericHelper] [INFO] [TakeScreenShot] -  ScreenShot Taken : Place an order.jpeg
11-Apr-2019-21:35:45 [TBSUI.BaseClasses.BaseClass] [INFO] [TearDown] -  Stopping the Driver and Service  
11-Apr-2019-21:37:02 [TBSUI.BaseClasses.BaseClass] [INFO] [GetChromeOptions] -  Using Chrome Options 
11-Apr-2019-21:37:05 [TBSUI.BaseClasses.BaseClass] [INFO] [InitWebdriver] -  Using Chrome Driver  
11-Apr-2019-21:37:07 [TBSUI.ComponentHelper.NavigationHelper] [INFO] [NavigateToUrl] -  Navigate To Page http://secure.smartbearsoftware.com/samples/TestComplete11/WebOrders
11-Apr-2019-21:37:07 [TBSUI.ComponentHelper.GenericHelper] [INFO] [WaitForWebElementInPage] -  Setting the Explicit wait to 1 sec 
11-Apr-2019-21:37:07 [TBSUI.ComponentHelper.GenericHelper] [INFO] [GetWebdriverWait] -  Wait Object Created 
11-Apr-2019-21:37:07 [TBSUI.ComponentHelper.GenericHelper] [INFO] [WaitForWebElementInPage] -  Setting the Explicit wait Configured value 
11-Apr-2019-21:37:08 [TBSUI.ComponentHelper.GenericHelper] [INFO] [WaitForWebElementInPage] -  Setting the Explicit wait to 1 sec 
11-Apr-2019-21:37:08 [TBSUI.ComponentHelper.GenericHelper] [INFO] [GetWebdriverWait] -  Wait Object Created 
11-Apr-2019-21:37:08 [TBSUI.ComponentHelper.GenericHelper] [INFO] [WaitForWebElementInPage] -  Setting the Explicit wait Configured value 
11-Apr-2019-21:37:12 [TBSUI.ComponentHelper.GenericHelper] [INFO] [WaitForWebElementInPage] -  Setting the Explicit wait to 1 sec 
11-Apr-2019-21:37:12 [TBSUI.ComponentHelper.GenericHelper] [INFO] [GetWebdriverWait] -  Wait Object Created 
11-Apr-2019-21:37:12 [TBSUI.ComponentHelper.GenericHelper] [INFO] [WaitForWebElementInPage] -  Setting the Explicit wait Configured value 
11-Apr-2019-21:37:31 [TBSUI.ComponentHelper.GenericHelper] [INFO] [IsElemetPresent] -  Checking for the element By.Id: ctl00_MainContent_fmwOrder_cardList_0
11-Apr-2019-21:41:06 [TBSUI.BaseClasses.BaseClass] [INFO] [TearDown] -  Stopping the Driver and Service  
11-Apr-2019-22:42:53 [TBSUI.BaseClasses.BaseClass] [INFO] [GetChromeOptions] -  Using Chrome Options 
11-Apr-2019-22:42:56 [TBSUI.BaseClasses.BaseClass] [INFO] [InitWebdriver] -  Using Chrome Driver  
11-Apr-2019-22:42:58 [TBSUI.ComponentHelper.NavigationHelper] [INFO] [NavigateToUrl] -  Navigate To Page http://secure.smartbearsoftware.com/samples/TestComplete11/WebOrders
11-Apr-2019-22:42:58 [TBSUI.ComponentHelper.GenericHelper] [INFO] [WaitForWebElementInPage] -  Setting the Explicit wait to 1 sec 
11-Apr-2019-22:42:58 [TBSUI.ComponentHelper.GenericHelper] [INFO] [GetWebdriverWait] -  Wait Object Created 
11-Apr-2019-22:42:58 [TBSUI.ComponentHelper.GenericHelper] [INFO] [WaitForWebElementInPage] -  Setting the Explicit wait Configured value 
11-Apr-2019-22:43:00 [TBSUI.ComponentHelper.GenericHelper] [INFO] [WaitForWebElementInPage] -  Setting the Explicit wait to 1 sec 
11-Apr-2019-22:43:00 [TBSUI.ComponentHelper.GenericHelper] [INFO] [GetWebdriverWait] -  Wait Object Created 
11-Apr-2019-22:43:00 [TBSUI.ComponentHelper.GenericHelper] [INFO] [WaitForWebElementInPage] -  Setting the Explicit wait Configured value 
11-Apr-2019-22:43:00 [TBSUI.ComponentHelper.GenericHelper] [INFO] [WaitForWebElementInPage] -  Setting the Explicit wait to 1 sec 
11-Apr-2019-22:43:00 [TBSUI.ComponentHelper.GenericHelper] [INFO] [GetWebdriverWait] -  Wait Object Created 
11-Apr-2019-22:43:00 [TBSUI.ComponentHelper.GenericHelper] [INFO] [WaitForWebElementInPage] -  Setting the Explicit wait Configured value 
11-Apr-2019-22:43:01 [TBSUI.ComponentHelper.GenericHelper] [INFO] [IsElemetPresent] -  Checking for the element By.Id: ctl00_MainContent_fmwOrder_cardList_0
11-Apr-2019-22:44:06 [TBSUI.BaseClasses.BaseClass] [INFO] [TearDown] -  Stopping the Driver and Service  
11-Apr-2019-22:46:57 [TBSUI.BaseClasses.BaseClass] [INFO] [GetChromeOptions] -  Using Chrome Options 
11-Apr-2019-22:47:00 [TBSUI.BaseClasses.BaseClass] [INFO] [InitWebdriver] -  Using Chrome Driver  
11-Apr-2019-22:47:02 [TBSUI.ComponentHelper.NavigationHelper] [INFO] [NavigateToUrl] -  Navigate To Page http://secure.smartbearsoftware.com/samples/TestComplete11/WebOrders
11-Apr-2019-22:47:02 [TBSUI.ComponentHelper.GenericHelper] [INFO] [WaitForWebElementInPage] -  Setting the Explicit wait to 1 sec 
11-Apr-2019-22:47:02 [TBSUI.ComponentHelper.GenericHelper] [INFO] [GetWebdriverWait] -  Wait Object Created 
11-Apr-2019-22:47:02 [TBSUI.ComponentHelper.GenericHelper] [INFO] [WaitForWebElementInPage] -  Setting the Explicit wait Configured value 
11-Apr-2019-22:47:04 [TBSUI.ComponentHelper.GenericHelper] [INFO] [WaitForWebElementInPage] -  Setting the Explicit wait to 1 sec 
11-Apr-2019-22:47:04 [TBSUI.ComponentHelper.GenericHelper] [INFO] [GetWebdriverWait] -  Wait Object Created 
11-Apr-2019-22:47:04 [TBSUI.ComponentHelper.GenericHelper] [INFO] [WaitForWebElementInPage] -  Setting the Explicit wait Configured value 
11-Apr-2019-22:47:05 [TBSUI.ComponentHelper.GenericHelper] [INFO] [WaitForWebElementInPage] -  Setting the Explicit wait to 1 sec 
11-Apr-2019-22:47:05 [TBSUI.ComponentHelper.GenericHelper] [INFO] [GetWebdriverWait] -  Wait Object Created 
11-Apr-2019-22:47:05 [TBSUI.ComponentHelper.GenericHelper] [INFO] [WaitForWebElementInPage] -  Setting the Explicit wait Configured value 
11-Apr-2019-22:47:05 [TBSUI.ComponentHelper.GenericHelper] [INFO] [IsElemetPresent] -  Checking for the element By.Id: ctl00_MainContent_fmwOrder_cardList_0
11-Apr-2019-22:47:07 [TBSUI.BaseClasses.BaseClass] [INFO] [TearDown] -  Stopping the Driver and Service  
11-Apr-2019-23:14:05 [TBSUI.BaseClasses.BaseClass] [INFO] [GetChromeOptions] -  Using Chrome Options 
11-Apr-2019-23:14:09 [TBSUI.BaseClasses.BaseClass] [INFO] [InitWebdriver] -  Using Chrome Driver  
11-Apr-2019-23:14:11 [TBSUI.ComponentHelper.NavigationHelper] [INFO] [NavigateToUrl] -  Navigate To Page http://secure.smartbearsoftware.com/samples/TestComplete11/WebOrders
11-Apr-2019-23:14:11 [TBSUI.ComponentHelper.GenericHelper] [INFO] [WaitForWebElementInPage] -  Setting the Explicit wait to 1 sec 
11-Apr-2019-23:14:11 [TBSUI.ComponentHelper.GenericHelper] [INFO] [GetWebdriverWait] -  Wait Object Created 
11-Apr-2019-23:14:11 [TBSUI.ComponentHelper.GenericHelper] [INFO] [WaitForWebElementInPage] -  Setting the Explicit wait Configured value 
11-Apr-2019-23:14:12 [TBSUI.ComponentHelper.GenericHelper] [INFO] [WaitForWebElementInPage] -  Setting the Explicit wait to 1 sec 
11-Apr-2019-23:14:12 [TBSUI.ComponentHelper.GenericHelper] [INFO] [GetWebdriverWait] -  Wait Object Created 
11-Apr-2019-23:14:12 [TBSUI.ComponentHelper.GenericHelper] [INFO] [WaitForWebElementInPage] -  Setting the Explicit wait Configured value 
11-Apr-2019-23:14:13 [TBSUI.ComponentHelper.GenericHelper] [INFO] [WaitForWebElementInPage] -  Setting the Explicit wait to 1 sec 
11-Apr-2019-23:14:13 [TBSUI.ComponentHelper.GenericHelper] [INFO] [GetWebdriverWait] -  Wait Object Created 
11-Apr-2019-23:14:13 [TBSUI.ComponentHelper.GenericHelper] [INFO] [WaitForWebElementInPage] -  Setting the Explicit wait Configured value 
11-Apr-2019-23:14:14 [TBSUI.ComponentHelper.GenericHelper] [INFO] [IsElemetPresent] -  Checking for the element By.Id: ctl00_MainContent_fmwOrder_cardList_0
11-Apr-2019-23:14:28 [TBSUI.ComponentHelper.GenericHelper] [INFO] [IsElemetPresent] -  Checking for the element By.Id: ctl00_MainContent_orderGrid_ctl02_OrderSelector
11-Apr-2019-23:14:28 [TBSUI.ComponentHelper.CheckBoxHelper] [INFO] [CheckedCheckBox] -  Click on Check box : By.Id: ctl00_MainContent_orderGrid_ctl02_OrderSelector
11-Apr-2019-23:15:01 [TBSUI.BaseClasses.BaseClass] [INFO] [TearDown] -  Stopping the Driver and Service  
